<?xml version="1.0" encoding="UTF-8"?>
<!-- Generated by org.testng.reporters.JUnitReportReporter -->
<testsuite skipped="0" hostname="IBM419-PC0ER3NU" name="com.training.sanity.tests.LoginTests" tests="1" failures="0" timestamp="08 Jan 2019 09:46:42 GMT" time="21.305" errors="0">
  <testcase name="validLoginTest" time="21.305" classname="com.training.sanity.tests.LoginTests"/>
</testsuite> <!-- com.training.sanity.tests.LoginTests -->
