<?xml version="1.0" encoding="UTF-8"?>
<!-- Generated by org.testng.reporters.JUnitReportReporter -->
<testsuite skipped="0" hostname="IBM419-PC0ER3NU" name="com.training.sanity.tests.loginasAdmin" tests="1" failures="0" timestamp="14 Jan 2019 11:06:40 GMT" time="23.338" errors="0">
  <testcase name="validloginasAdmin" time="23.338" classname="com.training.sanity.tests.loginasAdmin"/>
</testsuite> <!-- com.training.sanity.tests.loginasAdmin -->
