<?xml version="1.0" encoding="UTF-8"?>
<!-- Generated by org.testng.reporters.JUnitReportReporter -->
<testsuite skipped="0" hostname="IBM419-PC0ER3NU" name="com.training.sanity.tests.AddAUser" tests="1" failures="0" timestamp="21 Jan 2019 05:55:59 GMT" time="65.350" errors="0">
  <testcase name="validViewDetailsofUser" time="65.350" classname="com.training.sanity.tests.AddAUser"/>
</testsuite> <!-- com.training.sanity.tests.AddAUser -->
