<?xml version="1.0" encoding="UTF-8"?>
<!-- Generated by org.testng.reporters.JUnitReportReporter -->
<testsuite skipped="0" hostname="IBM419-PC0ER3NU" name="com.training.sanity.tests.EditProfile" tests="1" failures="0" timestamp="16 Jan 2019 05:41:11 GMT" time="23.859" errors="0">
  <testcase name="validLoginTest" time="23.859" classname="com.training.sanity.tests.EditProfile"/>
</testsuite> <!-- com.training.sanity.tests.EditProfile -->
