<?xml version="1.0" encoding="UTF-8"?>
<!-- Generated by org.testng.reporters.JUnitReportReporter -->
<testsuite skipped="0" hostname="IBM419-PC0ER3NU" name="com.training.sanity.tests.LoginTest" tests="1" failures="0" timestamp="16 Jan 2019 05:36:21 GMT" time="22.228" errors="0">
  <testcase name="validLoginTest" time="22.228" classname="com.training.sanity.tests.LoginTest"/>
</testsuite> <!-- com.training.sanity.tests.LoginTest -->
