<?xml version="1.0" encoding="UTF-8"?>
<!-- Generated by org.testng.reporters.JUnitReportReporter -->
<testsuite skipped="0" hostname="IBM419-PC0ER3NU" name="com.training.sanity.tests.AddAUser" tests="1" failures="0" timestamp="16 Jan 2019 11:41:17 GMT" time="81.051" errors="0">
  <testcase name="validViewDetailsofUser" time="81.051" classname="com.training.sanity.tests.AddAUser"/>
</testsuite> <!-- com.training.sanity.tests.AddAUser -->
